<?xml version="1.0" encoding="UTF-8"?>
<!-- Generated by org.testng.reporters.JUnitXMLReporter -->
<testsuite hostname="KSAKINAL-L1-505" ignored="0" name="Test" tests="3" failures="0" timestamp="22 Jan 2018 08:10:27 GMT" time="31.735" errors="0">
  <testcase name="ValidatingRealtorSearchFunctionalitiesTest" time="13.889" classname="com.realtor.automationtestting.testcses.RealtorSearch"/>
  <testcase name="ValidatingRealtorsearchnumberFunctionalitiesTest" time="6.434" classname="com.realtor.automationtestting.testcses.RealtorSearch"/>
  <testcase name="ValidatingRealtorsecondaddresssearchresultFunctionalitiesTest" time="11.344" classname="com.realtor.automationtestting.testcses.RealtorSearch"/>
</testsuite> <!-- Test -->
