<?xml version="1.0" encoding="UTF-8"?>
<testng-results skipped="0" failed="0" ignored="0" total="3" passed="3">
  <reporter-output>
  </reporter-output>
  <suite name="Suite" duration-ms="31735" started-at="2018-01-22T08:09:54Z" finished-at="2018-01-22T08:10:26Z">
    <groups>
    </groups>
    <test name="Test" duration-ms="31735" started-at="2018-01-22T08:09:54Z" finished-at="2018-01-22T08:10:26Z">
      <class name="com.realtor.automationtestting.testcses.RealtorSearch">
        <test-method status="PASS" signature="init()[pri:0, instance:com.realtor.automationtestting.testcses.RealtorSearch@3e6fa38a]" name="init" is-config="true" duration-ms="29062" started-at="2018-01-22T13:39:25Z" finished-at="2018-01-22T13:39:54Z">
          <reporter-output>
          </reporter-output>
        </test-method> <!-- init -->
        <test-method status="PASS" signature="ValidatingRealtorSearchFunctionalitiesTest()[pri:1, instance:com.realtor.automationtestting.testcses.RealtorSearch@3e6fa38a]" name="ValidatingRealtorSearchFunctionalitiesTest" duration-ms="13889" started-at="2018-01-22T13:39:55Z" finished-at="2018-01-22T13:40:08Z">
          <reporter-output>
          </reporter-output>
        </test-method> <!-- ValidatingRealtorSearchFunctionalitiesTest -->
        <test-method status="PASS" signature="getResult(org.testng.ITestResult)[pri:0, instance:com.realtor.automationtestting.testcses.RealtorSearch@3e6fa38a]" name="getResult" is-config="true" duration-ms="19" started-at="2018-01-22T13:40:08Z" finished-at="2018-01-22T13:40:08Z">
          <params>
            <param index="0">
              <value>
                <![CDATA[[TestResult name=ValidatingRealtorSearchFunctionalitiesTest status=SUCCESS method=RealtorSearch.ValidatingRealtorSearchFunctionalitiesTest()[pri:1, instance:com.realtor.automationtestting.testcses.RealtorSearch@3e6fa38a] output={null}]]]>
              </value>
            </param>
          </params>
          <reporter-output>
          </reporter-output>
        </test-method> <!-- getResult -->
        <test-method status="PASS" signature="ValidatingRealtorsearchnumberFunctionalitiesTest()[pri:2, instance:com.realtor.automationtestting.testcses.RealtorSearch@3e6fa38a]" name="ValidatingRealtorsearchnumberFunctionalitiesTest" duration-ms="6434" started-at="2018-01-22T13:40:08Z" finished-at="2018-01-22T13:40:15Z">
          <reporter-output>
          </reporter-output>
        </test-method> <!-- ValidatingRealtorsearchnumberFunctionalitiesTest -->
        <test-method status="PASS" signature="getResult(org.testng.ITestResult)[pri:0, instance:com.realtor.automationtestting.testcses.RealtorSearch@3e6fa38a]" name="getResult" is-config="true" duration-ms="1" started-at="2018-01-22T13:40:15Z" finished-at="2018-01-22T13:40:15Z">
          <params>
            <param index="0">
              <value>
                <![CDATA[[TestResult name=ValidatingRealtorsearchnumberFunctionalitiesTest status=SUCCESS method=RealtorSearch.ValidatingRealtorsearchnumberFunctionalitiesTest()[pri:2, instance:com.realtor.automationtestting.testcses.RealtorSearch@3e6fa38a] output={null}]]]>
              </value>
            </param>
          </params>
          <reporter-output>
          </reporter-output>
        </test-method> <!-- getResult -->
        <test-method status="PASS" signature="ValidatingRealtorsecondaddresssearchresultFunctionalitiesTest()[pri:3, instance:com.realtor.automationtestting.testcses.RealtorSearch@3e6fa38a]" name="ValidatingRealtorsecondaddresssearchresultFunctionalitiesTest" duration-ms="11344" started-at="2018-01-22T13:40:15Z" finished-at="2018-01-22T13:40:26Z">
          <reporter-output>
          </reporter-output>
        </test-method> <!-- ValidatingRealtorsecondaddresssearchresultFunctionalitiesTest -->
        <test-method status="PASS" signature="getResult(org.testng.ITestResult)[pri:0, instance:com.realtor.automationtestting.testcses.RealtorSearch@3e6fa38a]" name="getResult" is-config="true" duration-ms="0" started-at="2018-01-22T13:40:26Z" finished-at="2018-01-22T13:40:26Z">
          <params>
            <param index="0">
              <value>
                <![CDATA[[TestResult name=ValidatingRealtorsecondaddresssearchresultFunctionalitiesTest status=SUCCESS method=RealtorSearch.ValidatingRealtorsecondaddresssearchresultFunctionalitiesTest()[pri:3, instance:com.realtor.automationtestting.testcses.RealtorSearch@3e6fa38a] output={null}]]]>
              </value>
            </param>
          </params>
          <reporter-output>
          </reporter-output>
        </test-method> <!-- getResult -->
        <test-method status="PASS" signature="tearDown()[pri:0, instance:com.realtor.automationtestting.testcses.RealtorSearch@3e6fa38a]" name="tearDown" is-config="true" duration-ms="5206" started-at="2018-01-22T13:40:27Z" finished-at="2018-01-22T13:40:32Z">
          <reporter-output>
          </reporter-output>
        </test-method> <!-- tearDown -->
      </class> <!-- com.realtor.automationtestting.testcses.RealtorSearch -->
    </test> <!-- Test -->
  </suite> <!-- Suite -->
</testng-results>
